<?xml version="1.0" encoding="UTF-8"?>
<testsuite name="es.fdi.iw.model.SpringBootLauncherTests" time="0.088" tests="3" errors="0" skipped="0" failures="1">
  <properties>
[...]
</properties>
  <testcase name="testGoodBook" classname="es.fdi.iw.model.SpringBootLauncherTests" time="0.039">
    <failure message="Status expected:&lt;200&gt; but was:&lt;404&gt;" type="java.lang.AssertionError"><![CDATA[java.lang.AssertionError: Status expected:<200> but was:<404>
	at org.springframework.test.util.AssertionErrors.fail(AssertionErrors.java:60)
	at org.springframework.test.util.AssertionErrors.assertEquals(AssertionErrors.java:89)
	at org.springframework.test.web.servlet.result.StatusResultMatchers$10.match(StatusResultMatchers.java:653)
	at org.springframework.test.web.servlet.MockMvc$1.andExpect(MockMvc.java:152)
	at es.fdi.iw.model.SpringBootLauncherTests.testGoodBook(SpringBootLauncherTests.java:45)
]]></failure>
    <system-out><![CDATA[14:13:23.268 [main] DEBUG o.s.t.c.j.SpringJUnit4ClassRunner - SpringJUnit4ClassRunner constructor called with [class es.fdi.iw.model.SpringBootLauncherTests]
14:13:23.275 [main] DEBUG o.s.test.context.BootstrapUtils - Instantiating TestContextBootstrapper from class [org.springframework.test.context.web.WebTestContextBootstrapper]
14:13:23.288 [main] DEBUG o.s.t.c.w.WebTestContextBootstrapper - Found explicit ContextLoader class [org.springframework.boot.test.SpringApplicationContextLoader] for context configuration attributes [ContextConfigurationAttributes@369f73a2 declaringClass = 'es.fdi.iw.model.SpringBootLauncherTests', classes = '{class es.fdi.iw.SpringBootLauncher}', locations = '{}', inheritLocations = true, initializers = '{}', inheritInitializers = true, name = [null], contextLoaderClass = 'org.springframework.boot.test.SpringApplicationContextLoader']
14:13:23.290 [main] DEBUG o.s.t.c.support.ActiveProfilesUtils - Could not find an 'annotation declaring class' for annotation type [org.springframework.test.context.ActiveProfiles] and class [es.fdi.iw.model.SpringBootLauncherTests]
14:13:23.293 [main] DEBUG o.s.t.c.w.WebTestContextBootstrapper - @TestExecutionListeners is not present for class [es.fdi.iw.model.SpringBootLauncherTests]: using defaults.
14:13:23.298 [main] INFO  o.s.t.c.w.WebTestContextBootstrapper - Loaded default TestExecutionListener class names from location [META-INF/spring.factories]: [org.springframework.test.context.web.ServletTestExecutionListener, org.springframework.test.context.support.DependencyInjectionTestExecutionListener, org.springframework.test.context.support.DirtiesContextTestExecutionListener, org.springframework.test.context.transaction.TransactionalTestExecutionListener, org.springframework.test.context.jdbc.SqlScriptsTestExecutionListener]
14:13:23.308 [main] INFO  o.s.t.c.w.WebTestContextBootstrapper - Using TestExecutionListeners: [org.springframework.test.context.web.ServletTestExecutionListener@467aecef, org.springframework.test.context.support.DependencyInjectionTestExecutionListener@4d50efb8, org.springframework.test.context.support.DirtiesContextTestExecutionListener@7e2d773b, org.springframework.test.context.transaction.TransactionalTestExecutionListener@2173f6d9, org.springframework.test.context.jdbc.SqlScriptsTestExecutionListener@307f6b8c]
14:13:23.309 [main] DEBUG o.s.t.annotation.ProfileValueUtils - Retrieved @ProfileValueSourceConfiguration [null] for test class [es.fdi.iw.model.SpringBootLauncherTests]
14:13:23.310 [main] DEBUG o.s.t.annotation.ProfileValueUtils - Retrieved ProfileValueSource type [class org.springframework.test.annotation.SystemProfileValueSource] for class [es.fdi.iw.model.SpringBootLauncherTests]
14:13:23.311 [main] DEBUG o.s.t.annotation.ProfileValueUtils - Retrieved @ProfileValueSourceConfiguration [null] for test class [es.fdi.iw.model.SpringBootLauncherTests]
14:13:23.311 [main] DEBUG o.s.t.annotation.ProfileValueUtils - Retrieved ProfileValueSource type [class org.springframework.test.annotation.SystemProfileValueSource] for class [es.fdi.iw.model.SpringBootLauncherTests]
14:13:23.314 [main] DEBUG o.s.t.annotation.ProfileValueUtils - Retrieved @ProfileValueSourceConfiguration [null] for test class [es.fdi.iw.model.SpringBootLauncherTests]
14:13:23.314 [main] DEBUG o.s.t.annotation.ProfileValueUtils - Retrieved ProfileValueSource type [class org.springframework.test.annotation.SystemProfileValueSource] for class [es.fdi.iw.model.SpringBootLauncherTests]
14:13:23.365 [main] DEBUG o.s.core.env.StandardEnvironment - Adding [systemProperties] PropertySource with lowest search precedence
14:13:23.366 [main] DEBUG o.s.core.env.StandardEnvironment - Adding [systemEnvironment] PropertySource with lowest search precedence
14:13:23.366 [main] DEBUG o.s.core.env.StandardEnvironment - Initialized StandardEnvironment with PropertySources [systemProperties,systemEnvironment]
14:13:23.367 [main] DEBUG o.s.core.env.StandardEnvironment - Adding [integrationTest] PropertySource with search precedence immediately lower than [systemEnvironment]

  .   ____          _            __ _ _
 /\\ / ___'_ __ _ _(_)_ __  __ _ \ \ \ \
( ( )\___ | '_ | '_| | '_ \/ _` | \ \ \ \
 \\/  ___)| |_)| | | | | || (_| |  ) ) ) )
  '  |____| .__|_| |_|_| |_\__, | / / / /
 =========|_|==============|___/=/_/_/_/
 :: Spring Boot ::        (v1.2.7.RELEASE)

2015-12-10 14:13:23.506  INFO 10277 --- [           main] es.fdi.iw.model.SpringBootLauncherTests  : Starting SpringBootLauncherTests on pto0401 with PID 10277 (/home/hlocal/Descargas/pineapple/target/test-classes started by usuario_local in /home/hlocal/Descargas/pineapple)
2015-12-10 14:13:23.555  INFO 10277 --- [           main] o.s.w.c.s.GenericWebApplicationContext   : Refreshing org.springframework.web.context.support.GenericWebApplicationContext@31368b99: startup date [Thu Dec 10 14:13:23 CET 2015]; root of context hierarchy
2015-12-10 14:13:23.946  INFO 10277 --- [           main] o.s.b.f.s.DefaultListableBeanFactory     : Overriding bean definition for bean 'beanNameViewResolver': replacing [Root bean: class [null]; scope=; abstract=false; lazyInit=false; autowireMode=3; dependencyCheck=0; autowireCandidate=true; primary=false; factoryBeanName=org.springframework.boot.autoconfigure.web.ErrorMvcAutoConfiguration$WhitelabelErrorViewConfiguration; factoryMethodName=beanNameViewResolver; initMethodName=null; destroyMethodName=(inferred); defined in class path resource [org/springframework/boot/autoconfigure/web/ErrorMvcAutoConfiguration$WhitelabelErrorViewConfiguration.class]] with [Root bean: class [null]; scope=; abstract=false; lazyInit=false; autowireMode=3; dependencyCheck=0; autowireCandidate=true; primary=false; factoryBeanName=org.springframework.boot.autoconfigure.web.WebMvcAutoConfiguration$WebMvcAutoConfigurationAdapter; factoryMethodName=beanNameViewResolver; initMethodName=null; destroyMethodName=(inferred); defined in class path resource [org/springframework/boot/autoconfigure/web/WebMvcAutoConfiguration$WebMvcAutoConfigurationAdapter.class]]
2015-12-10 14:13:24.320  INFO 10277 --- [           main] trationDelegate$BeanPostProcessorChecker : Bean 'org.springframework.transaction.annotation.ProxyTransactionManagementConfiguration' of type [class org.springframework.transaction.annotation.ProxyTransactionManagementConfiguration$$EnhancerBySpringCGLIB$$d5d1ba56] is not eligible for getting processed by all BeanPostProcessors (for example: not eligible for auto-proxying)
2015-12-10 14:13:24.332  INFO 10277 --- [           main] trationDelegate$BeanPostProcessorChecker : Bean 'transactionAttributeSource' of type [class org.springframework.transaction.annotation.AnnotationTransactionAttributeSource] is not eligible for getting processed by all BeanPostProcessors (for example: not eligible for auto-proxying)
2015-12-10 14:13:24.338  INFO 10277 --- [           main] trationDelegate$BeanPostProcessorChecker : Bean 'transactionInterceptor' of type [class org.springframework.transaction.interceptor.TransactionInterceptor] is not eligible for getting processed by all BeanPostProcessors (for example: not eligible for auto-proxying)
2015-12-10 14:13:24.342  INFO 10277 --- [           main] trationDelegate$BeanPostProcessorChecker : Bean 'org.springframework.transaction.config.internalTransactionAdvisor' of type [class org.springframework.transaction.interceptor.BeanFactoryTransactionAttributeSourceAdvisor] is not eligible for getting processed by all BeanPostProcessors (for example: not eligible for auto-proxying)
2015-12-10 14:13:24.868  INFO 10277 --- [           main] j.LocalContainerEntityManagerFactoryBean : Building JPA container EntityManagerFactory for persistence unit 'default'
2015-12-10 14:13:24.885  INFO 10277 --- [           main] o.hibernate.jpa.internal.util.LogHelper  : HHH000204: Processing PersistenceUnitInfo [
	name: default
	...]
2015-12-10 14:13:24.930  INFO 10277 --- [           main] org.hibernate.Version                    : HHH000412: Hibernate Core {4.3.11.Final}
2015-12-10 14:13:24.931  INFO 10277 --- [           main] org.hibernate.cfg.Environment            : HHH000206: hibernate.properties not found
2015-12-10 14:13:24.933  INFO 10277 --- [           main] org.hibernate.cfg.Environment            : HHH000021: Bytecode provider name : javassist
2015-12-10 14:13:25.064  INFO 10277 --- [           main] o.hibernate.annotations.common.Version   : HCANN000001: Hibernate Commons Annotations {4.0.5.Final}
2015-12-10 14:13:25.099  INFO 10277 --- [           main] org.hibernate.dialect.Dialect            : HHH000400: Using dialect: org.hibernate.dialect.HSQLDialect
2015-12-10 14:13:25.174  INFO 10277 --- [           main] o.h.h.i.ast.ASTQueryTranslatorFactory    : HHH000397: Using ASTQueryTranslatorFactory
2015-12-10 14:13:25.321  INFO 10277 --- [           main] org.hibernate.tool.hbm2ddl.SchemaExport  : HHH000227: Running hbm2ddl schema export
Hibernate: alter table concepto drop constraint FK_1y3ewtl513ts5h7op93puayoh
2015-12-10 14:13:25.323 ERROR 10277 --- [           main] org.hibernate.tool.hbm2ddl.SchemaExport  : HHH000389: Unsuccessful: alter table concepto drop constraint FK_1y3ewtl513ts5h7op93puayoh
2015-12-10 14:13:25.323 ERROR 10277 --- [           main] org.hibernate.tool.hbm2ddl.SchemaExport  : usuario no tiene privilegios suficientes o objeto no encontrado: PUBLIC.CONCEPTO
Hibernate: alter table concepto_soluciones drop constraint FK_46mgurciov5gs03eeyyqxypnk
2015-12-10 14:13:25.324 ERROR 10277 --- [           main] org.hibernate.tool.hbm2ddl.SchemaExport  : HHH000389: Unsuccessful: alter table concepto_soluciones drop constraint FK_46mgurciov5gs03eeyyqxypnk
2015-12-10 14:13:25.324 ERROR 10277 --- [           main] org.hibernate.tool.hbm2ddl.SchemaExport  : usuario no tiene privilegios suficientes o objeto no encontrado: PUBLIC.CONCEPTO_SOLUCIONES
Hibernate: alter table concepto_soluciones drop constraint FK_iu0iq9ycqsgjtn32oqv9gpay5
2015-12-10 14:13:25.324 ERROR 10277 --- [           main] org.hibernate.tool.hbm2ddl.SchemaExport  : HHH000389: Unsuccessful: alter table concepto_soluciones drop constraint FK_iu0iq9ycqsgjtn32oqv9gpay5
2015-12-10 14:13:25.324 ERROR 10277 --- [           main] org.hibernate.tool.hbm2ddl.SchemaExport  : usuario no tiene privilegios suficientes o objeto no encontrado: PUBLIC.CONCEPTO_SOLUCIONES
Hibernate: alter table solucion drop constraint FK_4mhtpi80bnhnecwgh94b26tle
2015-12-10 14:13:25.324 ERROR 10277 --- [           main] org.hibernate.tool.hbm2ddl.SchemaExport  : HHH000389: Unsuccessful: alter table solucion drop constraint FK_4mhtpi80bnhnecwgh94b26tle
2015-12-10 14:13:25.324 ERROR 10277 --- [           main] org.hibernate.tool.hbm2ddl.SchemaExport  : usuario no tiene privilegios suficientes o objeto no encontrado: PUBLIC.SOLUCION
Hibernate: alter table solucion drop constraint FK_1mpy3fjw0jk7tgad2nmnttyp9
2015-12-10 14:13:25.324 ERROR 10277 --- [           main] org.hibernate.tool.hbm2ddl.SchemaExport  : HHH000389: Unsuccessful: alter table solucion drop constraint FK_1mpy3fjw0jk7tgad2nmnttyp9
2015-12-10 14:13:25.325 ERROR 10277 --- [           main] org.hibernate.tool.hbm2ddl.SchemaExport  : usuario no tiene privilegios suficientes o objeto no encontrado: PUBLIC.SOLUCION
Hibernate: drop table concepto if exists
Hibernate: drop table concepto_soluciones if exists
Hibernate: drop table solucion if exists
Hibernate: drop table usuario if exists
Hibernate: create table concepto (id bigint generated by default as identity (start with 1), descripcion varchar(255), nombre varchar(255), tipo varchar(255), user bigint, primary key (id))
Hibernate: create table concepto_soluciones (concepto bigint not null, soluciones bigint not null)
Hibernate: create table solucion (id bigint generated by default as identity (start with 1), contenido varchar(255), examen bigint, user bigint, primary key (id))
Hibernate: create table usuario (id bigint generated by default as identity (start with 1), admin boolean not null, apellidos varchar(255), email varchar(255), login varchar(255), nombre varchar(255), primary key (id))
Hibernate: alter table concepto_soluciones add constraint UK_46mgurciov5gs03eeyyqxypnk unique (soluciones)
Hibernate: alter table concepto add constraint FK_1y3ewtl513ts5h7op93puayoh foreign key (user) references usuario
Hibernate: alter table concepto_soluciones add constraint FK_46mgurciov5gs03eeyyqxypnk foreign key (soluciones) references solucion
Hibernate: alter table concepto_soluciones add constraint FK_iu0iq9ycqsgjtn32oqv9gpay5 foreign key (concepto) references concepto
Hibernate: alter table solucion add constraint FK_4mhtpi80bnhnecwgh94b26tle foreign key (examen) references concepto
Hibernate: alter table solucion add constraint FK_1mpy3fjw0jk7tgad2nmnttyp9 foreign key (user) references usuario
2015-12-10 14:13:25.329 ERROR 10277 --- [           main] org.hibernate.tool.hbm2ddl.SchemaExport  : HHH000388: Unsuccessful: insert into User values (0, '$2a$10$08Q7cGYjNw2nLcmblfpOdeF5tbO2H04W3vF86v/1OOmU6ojKhHc/K', 'admin', 'admin')
2015-12-10 14:13:25.329 ERROR 10277 --- [           main] org.hibernate.tool.hbm2ddl.SchemaExport  : usuario no tiene privilegios suficientes o objeto no encontrado: USER
2015-12-10 14:13:25.329 ERROR 10277 --- [           main] org.hibernate.tool.hbm2ddl.SchemaExport  : HHH000388: Unsuccessful: insert into User values (1, '$2a$10$ld2WZ99kqW8C5x7cbnCzteYkGzN62waU.zeSvHeBgt2sa30gHnrZq', 'user', 'user')
2015-12-10 14:13:25.329 ERROR 10277 --- [           main] org.hibernate.tool.hbm2ddl.SchemaExport  : usuario no tiene privilegios suficientes o objeto no encontrado: USER
2015-12-10 14:13:25.329 ERROR 10277 --- [           main] org.hibernate.tool.hbm2ddl.SchemaExport  : HHH000388: Unsuccessful: insert into User values (2, '$2a$10$KdoEy6tQTbrJ.pRx/oteYubJU/90fkSsvIiIpQoDGH..lvzLgDOly', 'test', 'user')
2015-12-10 14:13:25.329 ERROR 10277 --- [           main] org.hibernate.tool.hbm2ddl.SchemaExport  : usuario no tiene privilegios suficientes o objeto no encontrado: USER
2015-12-10 14:13:25.329 ERROR 10277 --- [           main] org.hibernate.tool.hbm2ddl.SchemaExport  : HHH000388: Unsuccessful: insert INTO AUTHOR VALUES(1,'Adams','Adam')
2015-12-10 14:13:25.329 ERROR 10277 --- [           main] org.hibernate.tool.hbm2ddl.SchemaExport  : usuario no tiene privilegios suficientes o objeto no encontrado: AUTHOR
2015-12-10 14:13:25.330 ERROR 10277 --- [           main] org.hibernate.tool.hbm2ddl.SchemaExport  : HHH000388: Unsuccessful: insert INTO AUTHOR VALUES(2,'Bobbie','Bob')
2015-12-10 14:13:25.330 ERROR 10277 --- [           main] org.hibernate.tool.hbm2ddl.SchemaExport  : usuario no tiene privilegios suficientes o objeto no encontrado: AUTHOR
2015-12-10 14:13:25.330 ERROR 10277 --- [           main] org.hibernate.tool.hbm2ddl.SchemaExport  : HHH000388: Unsuccessful: insert INTO AUTHOR VALUES(3,'Carlos','Carl')
2015-12-10 14:13:25.330 ERROR 10277 --- [           main] org.hibernate.tool.hbm2ddl.SchemaExport  : usuario no tiene privilegios suficientes o objeto no encontrado: AUTHOR
2015-12-10 14:13:25.330 ERROR 10277 --- [           main] org.hibernate.tool.hbm2ddl.SchemaExport  : HHH000388: Unsuccessful: INSERT INTO AUTHOR VALUES(4,'Dieguez','Diego')
2015-12-10 14:13:25.330 ERROR 10277 --- [           main] org.hibernate.tool.hbm2ddl.SchemaExport  : usuario no tiene privilegios suficientes o objeto no encontrado: AUTHOR
2015-12-10 14:13:25.330 ERROR 10277 --- [           main] org.hibernate.tool.hbm2ddl.SchemaExport  : HHH000388: Unsuccessful: INSERT INTO BOOK VALUES(1,'book one','one', 1)
2015-12-10 14:13:25.330 ERROR 10277 --- [           main] org.hibernate.tool.hbm2ddl.SchemaExport  : usuario no tiene privilegios suficientes o objeto no encontrado: BOOK
2015-12-10 14:13:25.330 ERROR 10277 --- [           main] org.hibernate.tool.hbm2ddl.SchemaExport  : HHH000388: Unsuccessful: INSERT INTO BOOK VALUES(2,'book two','two', 1)
2015-12-10 14:13:25.330 ERROR 10277 --- [           main] org.hibernate.tool.hbm2ddl.SchemaExport  : usuario no tiene privilegios suficientes o objeto no encontrado: BOOK
2015-12-10 14:13:25.330 ERROR 10277 --- [           main] org.hibernate.tool.hbm2ddl.SchemaExport  : HHH000388: Unsuccessful: INSERT INTO BOOK VALUES(3,'book three','three', 2)
2015-12-10 14:13:25.330 ERROR 10277 --- [           main] org.hibernate.tool.hbm2ddl.SchemaExport  : usuario no tiene privilegios suficientes o objeto no encontrado: BOOK
2015-12-10 14:13:25.331 ERROR 10277 --- [           main] org.hibernate.tool.hbm2ddl.SchemaExport  : HHH000388: Unsuccessful: INSERT INTO BOOK VALUES(4,'book four','four', 2)
2015-12-10 14:13:25.331 ERROR 10277 --- [           main] org.hibernate.tool.hbm2ddl.SchemaExport  : usuario no tiene privilegios suficientes o objeto no encontrado: BOOK
2015-12-10 14:13:25.331 ERROR 10277 --- [           main] org.hibernate.tool.hbm2ddl.SchemaExport  : HHH000388: Unsuccessful: INSERT INTO BOOK VALUES(5,'book five','five', 2)
2015-12-10 14:13:25.331 ERROR 10277 --- [           main] org.hibernate.tool.hbm2ddl.SchemaExport  : usuario no tiene privilegios suficientes o objeto no encontrado: BOOK
2015-12-10 14:13:25.331 ERROR 10277 --- [           main] org.hibernate.tool.hbm2ddl.SchemaExport  : HHH000388: Unsuccessful: INSERT INTO AUTHOR_WRITINGS VALUES(1,1)
2015-12-10 14:13:25.331 ERROR 10277 --- [           main] org.hibernate.tool.hbm2ddl.SchemaExport  : usuario no tiene privilegios suficientes o objeto no encontrado: AUTHOR_WRITINGS
2015-12-10 14:13:25.331 ERROR 10277 --- [           main] org.hibernate.tool.hbm2ddl.SchemaExport  : HHH000388: Unsuccessful: INSERT INTO AUTHOR_WRITINGS VALUES(1,2)
2015-12-10 14:13:25.331 ERROR 10277 --- [           main] org.hibernate.tool.hbm2ddl.SchemaExport  : usuario no tiene privilegios suficientes o objeto no encontrado: AUTHOR_WRITINGS
2015-12-10 14:13:25.331 ERROR 10277 --- [           main] org.hibernate.tool.hbm2ddl.SchemaExport  : HHH000388: Unsuccessful: INSERT INTO AUTHOR_WRITINGS VALUES(1,3)
2015-12-10 14:13:25.331 ERROR 10277 --- [           main] org.hibernate.tool.hbm2ddl.SchemaExport  : usuario no tiene privilegios suficientes o objeto no encontrado: AUTHOR_WRITINGS
2015-12-10 14:13:25.331 ERROR 10277 --- [           main] org.hibernate.tool.hbm2ddl.SchemaExport  : HHH000388: Unsuccessful: INSERT INTO AUTHOR_WRITINGS VALUES(1,4)
2015-12-10 14:13:25.331 ERROR 10277 --- [           main] org.hibernate.tool.hbm2ddl.SchemaExport  : usuario no tiene privilegios suficientes o objeto no encontrado: AUTHOR_WRITINGS
2015-12-10 14:13:25.332 ERROR 10277 --- [           main] org.hibernate.tool.hbm2ddl.SchemaExport  : HHH000388: Unsuccessful: INSERT INTO AUTHOR_WRITINGS VALUES(2,1)
2015-12-10 14:13:25.332 ERROR 10277 --- [           main] org.hibernate.tool.hbm2ddl.SchemaExport  : usuario no tiene privilegios suficientes o objeto no encontrado: AUTHOR_WRITINGS
2015-12-10 14:13:25.332 ERROR 10277 --- [           main] org.hibernate.tool.hbm2ddl.SchemaExport  : HHH000388: Unsuccessful: INSERT INTO AUTHOR_WRITINGS VALUES(3,1)
2015-12-10 14:13:25.332 ERROR 10277 --- [           main] org.hibernate.tool.hbm2ddl.SchemaExport  : usuario no tiene privilegios suficientes o objeto no encontrado: AUTHOR_WRITINGS
2015-12-10 14:13:25.332  INFO 10277 --- [           main] org.hibernate.tool.hbm2ddl.SchemaExport  : HHH000230: Schema export complete
2015-12-10 14:13:25.855  INFO 10277 --- [           main] s.w.s.m.m.a.RequestMappingHandlerAdapter : Looking for @ControllerAdvice: org.springframework.web.context.support.GenericWebApplicationContext@31368b99: startup date [Thu Dec 10 14:13:23 CET 2015]; root of context hierarchy
2015-12-10 14:13:25.893  INFO 10277 --- [           main] s.w.s.m.m.a.RequestMappingHandlerMapping : Mapped "{[/login],methods=[GET]}" onto public java.lang.String es.fdi.iw.controller.HomeController.login()
2015-12-10 14:13:25.893  INFO 10277 --- [           main] s.w.s.m.m.a.RequestMappingHandlerMapping : Mapped "{[/home],methods=[GET]}" onto public java.lang.String es.fdi.iw.controller.HomeController.home()
2015-12-10 14:13:25.893  INFO 10277 --- [           main] s.w.s.m.m.a.RequestMappingHandlerMapping : Mapped "{[/],methods=[GET]}" onto public java.lang.String es.fdi.iw.controller.HomeController.home(java.util.Locale,org.springframework.ui.Model)
2015-12-10 14:13:25.893  INFO 10277 --- [           main] s.w.s.m.m.a.RequestMappingHandlerMapping : Mapped "{[/registro],params=[registrar]}" onto public org.springframework.web.servlet.ModelAndView es.fdi.iw.controller.HomeController.registrar(java.lang.String,java.lang.String,java.lang.String,java.lang.String,java.lang.String,java.lang.String)
2015-12-10 14:13:25.893  INFO 10277 --- [           main] s.w.s.m.m.a.RequestMappingHandlerMapping : Mapped "{[/teoria],methods=[GET]}" onto public java.lang.String es.fdi.iw.controller.HomeController.teoria()
2015-12-10 14:13:25.893  INFO 10277 --- [           main] s.w.s.m.m.a.RequestMappingHandlerMapping : Mapped "{[/examenes],methods=[GET]}" onto public java.lang.String es.fdi.iw.controller.HomeController.examenes()
2015-12-10 14:13:25.894  INFO 10277 --- [           main] s.w.s.m.m.a.RequestMappingHandlerMapping : Mapped "{[/ver_teoria],methods=[GET]}" onto public java.lang.String es.fdi.iw.controller.HomeController.ver_teoria()
2015-12-10 14:13:25.894  INFO 10277 --- [           main] s.w.s.m.m.a.RequestMappingHandlerMapping : Mapped "{[/admin],methods=[GET]}" onto public org.springframework.web.servlet.ModelAndView es.fdi.iw.controller.HomeController.administrador()
2015-12-10 14:13:25.894  INFO 10277 --- [           main] s.w.s.m.m.a.RequestMappingHandlerMapping : Mapped "{[/admin],params=[borrado]}" onto public org.springframework.web.servlet.ModelAndView es.fdi.iw.controller.HomeController.borraruno()
2015-12-10 14:13:25.894  INFO 10277 --- [           main] s.w.s.m.m.a.RequestMappingHandlerMapping : Mapped "{[/registro],methods=[GET]}" onto public org.springframework.web.servlet.ModelAndView es.fdi.iw.controller.HomeController.registro()
2015-12-10 14:13:25.894  INFO 10277 --- [           main] s.w.s.m.m.a.RequestMappingHandlerMapping : Mapped "{[/reg],methods=[GET]}" onto public java.lang.String es.fdi.iw.controller.HomeController.reg(java.util.Locale,org.springframework.ui.Model)
2015-12-10 14:13:25.894  INFO 10277 --- [           main] s.w.s.m.m.a.RequestMappingHandlerMapping : Mapped "{[/login],methods=[POST]}" onto public java.lang.String es.fdi.iw.controller.HomeController.reg(java.lang.String,java.lang.String,javax.servlet.http.HttpServletRequest,org.springframework.ui.Model,java.util.Locale)
2015-12-10 14:13:25.894  INFO 10277 --- [           main] s.w.s.m.m.a.RequestMappingHandlerMapping : Mapped "{[/subida_elem],methods=[GET]}" onto public org.springframework.web.servlet.ModelAndView es.fdi.iw.controller.HomeController.subir_ele()
2015-12-10 14:13:25.895  INFO 10277 --- [           main] s.w.s.m.m.a.RequestMappingHandlerMapping : Mapped "{[/subida_elem],params=[enviado]}" onto public org.springframework.web.servlet.ModelAndView es.fdi.iw.controller.HomeController.subir_elem(java.lang.String,java.lang.String)
2015-12-10 14:13:25.895  INFO 10277 --- [           main] s.w.s.m.m.a.RequestMappingHandlerMapping : Mapped "{[/usuario],methods=[GET]}" onto public java.lang.String es.fdi.iw.controller.HomeController.usuario()
2015-12-10 14:13:25.895  INFO 10277 --- [           main] s.w.s.m.m.a.RequestMappingHandlerMapping : Mapped "{[/examenes_sol],methods=[GET]}" onto public java.lang.String es.fdi.iw.controller.HomeController.examenes_sol()
2015-12-10 14:13:25.896  INFO 10277 --- [           main] s.w.s.m.m.a.RequestMappingHandlerMapping : Mapped "{[/error],produces=[text/html]}" onto public org.springframework.web.servlet.ModelAndView org.springframework.boot.autoconfigure.web.BasicErrorController.errorHtml(javax.servlet.http.HttpServletRequest)
2015-12-10 14:13:25.896  INFO 10277 --- [           main] s.w.s.m.m.a.RequestMappingHandlerMapping : Mapped "{[/error]}" onto public org.springframework.http.ResponseEntity<java.util.Map<java.lang.String, java.lang.Object>> org.springframework.boot.autoconfigure.web.BasicErrorController.error(javax.servlet.http.HttpServletRequest)
2015-12-10 14:13:25.909  INFO 10277 --- [           main] o.s.w.s.handler.SimpleUrlHandlerMapping  : Mapped URL path [/webjars/**] onto handler of type [class org.springframework.web.servlet.resource.ResourceHttpRequestHandler]
2015-12-10 14:13:25.910  INFO 10277 --- [           main] o.s.w.s.handler.SimpleUrlHandlerMapping  : Mapped URL path [/**] onto handler of type [class org.springframework.web.servlet.resource.ResourceHttpRequestHandler]
2015-12-10 14:13:25.932  INFO 10277 --- [           main] o.s.w.s.handler.SimpleUrlHandlerMapping  : Mapped URL path [/**/favicon.ico] onto handler of type [class org.springframework.web.servlet.resource.ResourceHttpRequestHandler]
2015-12-10 14:13:26.011  INFO 10277 --- [           main] es.fdi.iw.model.SpringBootLauncherTests  : Started SpringBootLauncherTests in 2.639 seconds (JVM running for 2.97)
2015-12-10 14:13:26.023  INFO 10277 --- [           main] o.s.mock.web.MockServletContext          : Initializing Spring FrameworkServlet ''
2015-12-10 14:13:26.023  INFO 10277 --- [           main] o.s.t.web.servlet.TestDispatcherServlet  : FrameworkServlet '': initialization started
2015-12-10 14:13:26.032  INFO 10277 --- [           main] o.s.t.web.servlet.TestDispatcherServlet  : FrameworkServlet '': initialization completed in 9 ms
]]></system-out>
  </testcase>
  <testcase name="testHome" classname="es.fdi.iw.model.SpringBootLauncherTests" time="0.046"/>
  <testcase name="testBadBook" classname="es.fdi.iw.model.SpringBootLauncherTests" time="0.003"/>
</testsuite>